<?xml version="1.0" encoding="UTF-8"?>
<!-- Generated by org.testng.reporters.JUnitReportReporter -->
<testsuite hostname="DESKTOP-6HNU5P6" failures="0" tests="5" name="fb.qa.testcases.HomePageTest" time="62.812" errors="0" timestamp="2022-08-19T02:49:55 EDT" skipped="0">
  <testcase classname="fb.qa.testcases.HomePageTest" name="Homepagetitletest" time="12.818"/>
  <testcase classname="fb.qa.testcases.HomePageTest" name="Verifyusernametest" time="9.955"/>
  <testcase classname="fb.qa.testcases.HomePageTest" name="Groupslinktest" time="11.299"/>
  <testcase classname="fb.qa.testcases.HomePageTest" name="MarketPlacePagelinktest" time="17.465"/>
  <testcase classname="fb.qa.testcases.HomePageTest" name="PagesPagelink" time="11.275"/>
</testsuite> <!-- fb.qa.testcases.HomePageTest -->
