<?xml version="1.0" encoding="UTF-8"?>
<!-- Generated by org.testng.reporters.JUnitReportReporter -->
<testsuite hostname="DESKTOP-6HNU5P6" failures="0" tests="6" name="fb.qa.testcases.LoginPageTest" time="49.521" errors="0" timestamp="2022-08-19T02:49:55 EDT" skipped="0">
  <testcase classname="fb.qa.testcases.LoginPageTest" name="Loginpagetitletest" time="7.267"/>
  <testcase classname="fb.qa.testcases.LoginPageTest" name="fblogoimagetest" time="6.462"/>
  <testcase classname="fb.qa.testcases.LoginPageTest" name="forgotpasswordlinktest" time="6.502"/>
  <testcase classname="fb.qa.testcases.LoginPageTest" name="Createapagelinktest" time="7.534"/>
  <testcase classname="fb.qa.testcases.LoginPageTest" name="Createnewaccountlinktest" time="13.082"/>
  <testcase classname="fb.qa.testcases.LoginPageTest" name="LoginwithusernameandpasswordTest" time="8.674"/>
</testsuite> <!-- fb.qa.testcases.LoginPageTest -->
