<?xml version="1.0" encoding="UTF-8"?>
<!-- Generated by org.testng.reporters.JUnitReportReporter -->
<testsuite hostname="DESKTOP-6HNU5P6" failures="0" tests="5" name="fb.qa.testcases.HomePageTest" time="78.522" errors="0" timestamp="2022-08-19T02:18:06 EDT" skipped="0">
  <testcase classname="fb.qa.testcases.HomePageTest" name="Homepagetitletest" time="24.816"/>
  <testcase classname="fb.qa.testcases.HomePageTest" name="Verifyusernametest" time="13.352"/>
  <testcase classname="fb.qa.testcases.HomePageTest" name="Groupslinktest" time="15.344"/>
  <testcase classname="fb.qa.testcases.HomePageTest" name="MarketPlacePagelinktest" time="12.520"/>
  <testcase classname="fb.qa.testcases.HomePageTest" name="PagesPagelink" time="12.490"/>
</testsuite> <!-- fb.qa.testcases.HomePageTest -->
