<?xml version="1.0" encoding="UTF-8"?>
<!-- Generated by org.testng.reporters.JUnitReportReporter -->
<testsuite hostname="DESKTOP-6HNU5P6" failures="0" tests="6" name="fb.qa.testcases.LoginPageTest" time="38.284" errors="0" timestamp="2022-08-19T02:18:06 EDT" skipped="0">
  <testcase classname="fb.qa.testcases.LoginPageTest" name="Loginpagetitletest" time="6.773"/>
  <testcase classname="fb.qa.testcases.LoginPageTest" name="fblogoimagetest" time="6.695"/>
  <testcase classname="fb.qa.testcases.LoginPageTest" name="forgotpasswordlinktest" time="5.415"/>
  <testcase classname="fb.qa.testcases.LoginPageTest" name="Createapagelinktest" time="5.844"/>
  <testcase classname="fb.qa.testcases.LoginPageTest" name="Createnewaccountlinktest" time="5.713"/>
  <testcase classname="fb.qa.testcases.LoginPageTest" name="LoginwithusernameandpasswordTest" time="7.844"/>
</testsuite> <!-- fb.qa.testcases.LoginPageTest -->
